<?xml version="1.0" encoding="UTF-8"?>
<!-- Generated by org.testng.reporters.JUnitReportReporter -->
<testsuite skipped="0" hostname="DESKTOP-1D1H5F9" name="test1.FirstTest" tests="2" failures="0" timestamp="15 Apr 2020 18:13:19 GMT" time="165.620" errors="0">
  <testcase name="GOOGLE4" time="84.391" classname="test1.FirstTest"/>
  <testcase name="YANDEX" time="81.229" classname="test1.FirstTest"/>
</testsuite> <!-- test1.FirstTest -->
